<?xml version="1.0" encoding="UTF-8"?>
<!-- Generated by org.testng.reporters.JUnitXMLReporter -->
<testsuite ignored="7" hostname="DESKTOP-529OHG0" failures="0" tests="1" name="Default test" time="17.72" errors="0" timestamp="2023-01-14T18:01:32 EST">
  <testcase classname="com.sanil.LearningSelenium.FirstTest" name="GOOGLE1" time="5.362"/>
  <testcase classname="com.sanil.LearningSelenium.FirstTest" name="GOOGLE3" time="0.0">
    <ignored/>
  </testcase> <!-- GOOGLE3 -->
  <testcase classname="com.sanil.LearningSelenium.FirstTest" name="GOOGLE2" time="0.0">
    <ignored/>
  </testcase> <!-- GOOGLE2 -->
  <testcase classname="com.sanil.LearningSelenium.FirstTest" name="GOOGLE5" time="0.0">
    <ignored/>
  </testcase> <!-- GOOGLE5 -->
  <testcase classname="com.sanil.LearningSelenium.FirstTest" name="GOOGLE7" time="0.0">
    <ignored/>
  </testcase> <!-- GOOGLE7 -->
  <testcase classname="com.sanil.LearningSelenium.FirstTest" name="GOOGLE6" time="0.0">
    <ignored/>
  </testcase> <!-- GOOGLE6 -->
  <testcase classname="com.sanil.LearningSelenium.FirstTest" name="GOOGLE9" time="0.0">
    <ignored/>
  </testcase> <!-- GOOGLE9 -->
  <testcase classname="com.sanil.LearningSelenium.FirstTest" name="GOOGLE8" time="0.0">
    <ignored/>
  </testcase> <!-- GOOGLE8 -->
</testsuite> <!-- Default test -->
