<?xml version="1.0" encoding="UTF-8"?>
<!-- Generated by org.testng.reporters.JUnitXMLReporter -->
<testsuite ignored="0" hostname="DESKTOP-529OHG0" failures="0" tests="13" name="Test" time="111.683" errors="0" timestamp="2023-01-14T19:06:57 EST">
  <testcase classname="com.sanil.LearningSelenium.FirstTest" name="GOOGLE5" time="26.101"/>
  <testcase classname="com.sanil.LearningSelenium.FirstTest" name="GOOGLE2" time="26.101"/>
  <testcase classname="com.sanil.LearningSelenium.FirstTest" name="GOOGLE4" time="26.243"/>
  <testcase classname="com.sanil.LearningSelenium.FirstTest" name="GOOGLE3" time="26.214"/>
  <testcase classname="com.sanil.LearningSelenium.FirstTest" name="GOOGLE1" time="36.446"/>
  <testcase classname="com.sanil.LearningSelenium.FirstTest" name="GOOGLE7" time="25.748"/>
  <testcase classname="com.sanil.LearningSelenium.FirstTest" name="GOOGLE6" time="25.509"/>
  <testcase classname="com.sanil.LearningSelenium.FirstTest" name="GOOGLE9" time="30.838"/>
  <testcase classname="com.sanil.LearningSelenium.FirstTest" name="GOOGLE8" time="31.023"/>
  <testcase classname="com.sanil.LearningSelenium.SecondTest" name="GOOGLE6" time="27.324"/>
  <testcase classname="com.sanil.LearningSelenium.SecondTest" name="GOOGLE7" time="19.649"/>
  <testcase classname="com.sanil.LearningSelenium.SecondTest" name="GOOGLE8" time="18.277"/>
  <testcase classname="com.sanil.LearningSelenium.SecondTest" name="GOOGLE9" time="16.61"/>
</testsuite> <!-- Test -->
