<?xml version="1.0" encoding="UTF-8"?>
<!-- Generated by org.testng.reporters.JUnitXMLReporter -->
<testsuite ignored="0" hostname="DESKTOP-529OHG0" failures="0" tests="5" name="Test2" time="8.392" errors="0" timestamp="2023-01-14T20:12:09 EST">
  <testcase classname="com.sanil.SeleniumGrid.SecondTest" name="GOOGLE8" time="4.466"/>
  <testcase classname="com.sanil.SeleniumGrid.SecondTest" name="GOOGLE6" time="4.496"/>
  <testcase classname="com.sanil.SeleniumGrid.SecondTest" name="GOOGLE10" time="4.694"/>
  <testcase classname="com.sanil.SeleniumGrid.SecondTest" name="GOOGLE9" time="4.917"/>
  <testcase classname="com.sanil.SeleniumGrid.SecondTest" name="GOOGLE7" time="5.058"/>
</testsuite> <!-- Test2 -->
