<?xml version="1.0" encoding="UTF-8"?>
<!-- Generated by org.testng.reporters.JUnitXMLReporter -->
<testsuite ignored="0" hostname="DESKTOP-529OHG0" failures="0" tests="5" name="Test1" time="21.593" errors="0" timestamp="2023-01-14T20:12:22 EST">
  <testcase classname="com.sanil.SeleniumGrid.FirstTest" name="GOOGLE1" time="4.909"/>
  <testcase classname="com.sanil.SeleniumGrid.FirstTest" name="GOOGLE2" time="1.924"/>
  <testcase classname="com.sanil.SeleniumGrid.FirstTest" name="GOOGLE3" time="3.756"/>
  <testcase classname="com.sanil.SeleniumGrid.FirstTest" name="GOOGLE4" time="1.637"/>
  <testcase classname="com.sanil.SeleniumGrid.FirstTest" name="GOOGLE5" time="2.984"/>
</testsuite> <!-- Test1 -->
