<?xml version="1.0" encoding="UTF-8"?>
<testng-results ignored="0" total="10" passed="10" failed="0" skipped="0">
  <reporter-output>
  </reporter-output>
  <suite started-at="2023-01-14T20:12:00 EST" name="Suite" finished-at="2023-01-14T20:12:22 EST" duration-ms="21593">
    <groups>
    </groups>
    <test started-at="2023-01-14T20:12:00 EST" name="Test2" finished-at="2023-01-14T20:12:09 EST" duration-ms="8392">
      <class name="com.sanil.SeleniumGrid.SecondTest">
        <test-method is-config="true" signature="setup(java.lang.String)[pri:0, instance:com.sanil.SeleniumGrid.SecondTest@7b36aa0c]" started-at="2023-01-14T20:12:00 EST" name="setup" finished-at="2023-01-14T20:12:04 EST" duration-ms="3136" status="PASS">
          <params>
            <param index="0">
              <value>
                <![CDATA[firefox]]>
              </value>
            </param>
          </params>
          <reporter-output>
          </reporter-output>
        </test-method> <!-- setup -->
        <test-method is-config="true" signature="setup(java.lang.String)[pri:0, instance:com.sanil.SeleniumGrid.SecondTest@7b36aa0c]" started-at="2023-01-14T20:12:00 EST" name="setup" finished-at="2023-01-14T20:12:04 EST" duration-ms="3136" status="PASS">
          <params>
            <param index="0">
              <value>
                <![CDATA[firefox]]>
              </value>
            </param>
          </params>
          <reporter-output>
          </reporter-output>
        </test-method> <!-- setup -->
        <test-method is-config="true" signature="setup(java.lang.String)[pri:0, instance:com.sanil.SeleniumGrid.SecondTest@7b36aa0c]" started-at="2023-01-14T20:12:00 EST" name="setup" finished-at="2023-01-14T20:12:04 EST" duration-ms="3217" status="PASS">
          <params>
            <param index="0">
              <value>
                <![CDATA[firefox]]>
              </value>
            </param>
          </params>
          <reporter-output>
          </reporter-output>
        </test-method> <!-- setup -->
        <test-method is-config="true" signature="setup(java.lang.String)[pri:0, instance:com.sanil.SeleniumGrid.SecondTest@7b36aa0c]" started-at="2023-01-14T20:12:00 EST" name="setup" finished-at="2023-01-14T20:12:04 EST" duration-ms="3137" status="PASS">
          <params>
            <param index="0">
              <value>
                <![CDATA[firefox]]>
              </value>
            </param>
          </params>
          <reporter-output>
          </reporter-output>
        </test-method> <!-- setup -->
        <test-method is-config="true" signature="setup(java.lang.String)[pri:0, instance:com.sanil.SeleniumGrid.SecondTest@7b36aa0c]" started-at="2023-01-14T20:12:00 EST" name="setup" finished-at="2023-01-14T20:12:04 EST" duration-ms="3136" status="PASS">
          <params>
            <param index="0">
              <value>
                <![CDATA[firefox]]>
              </value>
            </param>
          </params>
          <reporter-output>
          </reporter-output>
        </test-method> <!-- setup -->
        <test-method signature="GOOGLE9()[pri:0, instance:com.sanil.SeleniumGrid.SecondTest@7b36aa0c]" started-at="2023-01-14T20:12:04 EST" name="GOOGLE9" finished-at="2023-01-14T20:12:09 EST" duration-ms="4917" status="PASS">
          <reporter-output>
          </reporter-output>
        </test-method> <!-- GOOGLE9 -->
        <test-method signature="GOOGLE8()[pri:0, instance:com.sanil.SeleniumGrid.SecondTest@7b36aa0c]" started-at="2023-01-14T20:12:04 EST" name="GOOGLE8" finished-at="2023-01-14T20:12:08 EST" duration-ms="4466" status="PASS">
          <reporter-output>
          </reporter-output>
        </test-method> <!-- GOOGLE8 -->
        <test-method signature="GOOGLE6()[pri:0, instance:com.sanil.SeleniumGrid.SecondTest@7b36aa0c]" started-at="2023-01-14T20:12:04 EST" name="GOOGLE6" finished-at="2023-01-14T20:12:08 EST" duration-ms="4496" status="PASS">
          <reporter-output>
          </reporter-output>
        </test-method> <!-- GOOGLE6 -->
        <test-method signature="GOOGLE7()[pri:0, instance:com.sanil.SeleniumGrid.SecondTest@7b36aa0c]" started-at="2023-01-14T20:12:04 EST" name="GOOGLE7" finished-at="2023-01-14T20:12:09 EST" duration-ms="5058" status="PASS">
          <reporter-output>
          </reporter-output>
        </test-method> <!-- GOOGLE7 -->
        <test-method signature="GOOGLE10()[pri:0, instance:com.sanil.SeleniumGrid.SecondTest@7b36aa0c]" started-at="2023-01-14T20:12:04 EST" name="GOOGLE10" finished-at="2023-01-14T20:12:08 EST" duration-ms="4694" status="PASS">
          <reporter-output>
          </reporter-output>
        </test-method> <!-- GOOGLE10 -->
        <test-method is-config="true" signature="tearDown()[pri:0, instance:com.sanil.SeleniumGrid.SecondTest@7b36aa0c]" started-at="2023-01-14T20:12:08 EST" name="tearDown" finished-at="2023-01-14T20:12:08 EST" duration-ms="155" status="PASS">
          <reporter-output>
          </reporter-output>
        </test-method> <!-- tearDown -->
        <test-method is-config="true" signature="tearDown()[pri:0, instance:com.sanil.SeleniumGrid.SecondTest@7b36aa0c]" started-at="2023-01-14T20:12:08 EST" name="tearDown" finished-at="2023-01-14T20:12:08 EST" duration-ms="380" status="PASS">
          <reporter-output>
          </reporter-output>
        </test-method> <!-- tearDown -->
        <test-method is-config="true" signature="tearDown()[pri:0, instance:com.sanil.SeleniumGrid.SecondTest@7b36aa0c]" started-at="2023-01-14T20:12:08 EST" name="tearDown" finished-at="2023-01-14T20:12:08 EST" duration-ms="87" status="PASS">
          <reporter-output>
          </reporter-output>
        </test-method> <!-- tearDown -->
        <test-method is-config="true" signature="tearDown()[pri:0, instance:com.sanil.SeleniumGrid.SecondTest@7b36aa0c]" started-at="2023-01-14T20:12:09 EST" name="tearDown" finished-at="2023-01-14T20:12:09 EST" duration-ms="141" status="PASS">
          <reporter-output>
          </reporter-output>
        </test-method> <!-- tearDown -->
        <test-method is-config="true" signature="tearDown()[pri:0, instance:com.sanil.SeleniumGrid.SecondTest@7b36aa0c]" started-at="2023-01-14T20:12:09 EST" name="tearDown" finished-at="2023-01-14T20:12:09 EST" duration-ms="146" status="PASS">
          <reporter-output>
          </reporter-output>
        </test-method> <!-- tearDown -->
      </class> <!-- com.sanil.SeleniumGrid.SecondTest -->
    </test> <!-- Test2 -->
    <test started-at="2023-01-14T20:12:00 EST" name="Test1" finished-at="2023-01-14T20:12:22 EST" duration-ms="21593">
      <class name="com.sanil.SeleniumGrid.FirstTest">
        <test-method is-config="true" signature="setup(java.lang.String)[pri:0, instance:com.sanil.SeleniumGrid.FirstTest@2f217633]" started-at="2023-01-14T20:12:00 EST" name="setup" finished-at="2023-01-14T20:12:04 EST" duration-ms="3136" status="PASS">
          <params>
            <param index="0">
              <value>
                <![CDATA[chrome]]>
              </value>
            </param>
          </params>
          <reporter-output>
          </reporter-output>
        </test-method> <!-- setup -->
        <test-method signature="GOOGLE1()[pri:0, instance:com.sanil.SeleniumGrid.FirstTest@2f217633]" started-at="2023-01-14T20:12:04 EST" name="GOOGLE1" finished-at="2023-01-14T20:12:09 EST" duration-ms="4909" status="PASS">
          <reporter-output>
          </reporter-output>
        </test-method> <!-- GOOGLE1 -->
        <test-method is-config="true" signature="tearDown()[pri:0, instance:com.sanil.SeleniumGrid.FirstTest@2f217633]" started-at="2023-01-14T20:12:09 EST" name="tearDown" finished-at="2023-01-14T20:12:09 EST" duration-ms="165" status="PASS">
          <reporter-output>
          </reporter-output>
        </test-method> <!-- tearDown -->
        <test-method is-config="true" signature="setup(java.lang.String)[pri:0, instance:com.sanil.SeleniumGrid.FirstTest@2f217633]" started-at="2023-01-14T20:12:09 EST" name="setup" finished-at="2023-01-14T20:12:09 EST" duration-ms="739" status="PASS">
          <params>
            <param index="0">
              <value>
                <![CDATA[chrome]]>
              </value>
            </param>
          </params>
          <reporter-output>
          </reporter-output>
        </test-method> <!-- setup -->
        <test-method signature="GOOGLE2()[pri:0, instance:com.sanil.SeleniumGrid.FirstTest@2f217633]" started-at="2023-01-14T20:12:09 EST" name="GOOGLE2" finished-at="2023-01-14T20:12:11 EST" duration-ms="1924" status="PASS">
          <reporter-output>
          </reporter-output>
        </test-method> <!-- GOOGLE2 -->
        <test-method is-config="true" signature="tearDown()[pri:0, instance:com.sanil.SeleniumGrid.FirstTest@2f217633]" started-at="2023-01-14T20:12:11 EST" name="tearDown" finished-at="2023-01-14T20:12:11 EST" duration-ms="105" status="PASS">
          <reporter-output>
          </reporter-output>
        </test-method> <!-- tearDown -->
        <test-method is-config="true" signature="setup(java.lang.String)[pri:0, instance:com.sanil.SeleniumGrid.FirstTest@2f217633]" started-at="2023-01-14T20:12:11 EST" name="setup" finished-at="2023-01-14T20:12:12 EST" duration-ms="632" status="PASS">
          <params>
            <param index="0">
              <value>
                <![CDATA[chrome]]>
              </value>
            </param>
          </params>
          <reporter-output>
          </reporter-output>
        </test-method> <!-- setup -->
        <test-method signature="GOOGLE3()[pri:0, instance:com.sanil.SeleniumGrid.FirstTest@2f217633]" started-at="2023-01-14T20:12:12 EST" name="GOOGLE3" finished-at="2023-01-14T20:12:16 EST" duration-ms="3756" status="PASS">
          <reporter-output>
          </reporter-output>
        </test-method> <!-- GOOGLE3 -->
        <test-method is-config="true" signature="tearDown()[pri:0, instance:com.sanil.SeleniumGrid.FirstTest@2f217633]" started-at="2023-01-14T20:12:16 EST" name="tearDown" finished-at="2023-01-14T20:12:16 EST" duration-ms="99" status="PASS">
          <reporter-output>
          </reporter-output>
        </test-method> <!-- tearDown -->
        <test-method is-config="true" signature="setup(java.lang.String)[pri:0, instance:com.sanil.SeleniumGrid.FirstTest@2f217633]" started-at="2023-01-14T20:12:16 EST" name="setup" finished-at="2023-01-14T20:12:17 EST" duration-ms="610" status="PASS">
          <params>
            <param index="0">
              <value>
                <![CDATA[chrome]]>
              </value>
            </param>
          </params>
          <reporter-output>
          </reporter-output>
        </test-method> <!-- setup -->
        <test-method signature="GOOGLE4()[pri:0, instance:com.sanil.SeleniumGrid.FirstTest@2f217633]" started-at="2023-01-14T20:12:17 EST" name="GOOGLE4" finished-at="2023-01-14T20:12:18 EST" duration-ms="1637" status="PASS">
          <reporter-output>
          </reporter-output>
        </test-method> <!-- GOOGLE4 -->
        <test-method is-config="true" signature="tearDown()[pri:0, instance:com.sanil.SeleniumGrid.FirstTest@2f217633]" started-at="2023-01-14T20:12:18 EST" name="tearDown" finished-at="2023-01-14T20:12:18 EST" duration-ms="106" status="PASS">
          <reporter-output>
          </reporter-output>
        </test-method> <!-- tearDown -->
        <test-method is-config="true" signature="setup(java.lang.String)[pri:0, instance:com.sanil.SeleniumGrid.FirstTest@2f217633]" started-at="2023-01-14T20:12:18 EST" name="setup" finished-at="2023-01-14T20:12:19 EST" duration-ms="634" status="PASS">
          <params>
            <param index="0">
              <value>
                <![CDATA[chrome]]>
              </value>
            </param>
          </params>
          <reporter-output>
          </reporter-output>
        </test-method> <!-- setup -->
        <test-method signature="GOOGLE5()[pri:0, instance:com.sanil.SeleniumGrid.FirstTest@2f217633]" started-at="2023-01-14T20:12:19 EST" name="GOOGLE5" finished-at="2023-01-14T20:12:22 EST" duration-ms="2984" status="PASS">
          <reporter-output>
          </reporter-output>
        </test-method> <!-- GOOGLE5 -->
        <test-method is-config="true" signature="tearDown()[pri:0, instance:com.sanil.SeleniumGrid.FirstTest@2f217633]" started-at="2023-01-14T20:12:22 EST" name="tearDown" finished-at="2023-01-14T20:12:22 EST" duration-ms="98" status="PASS">
          <reporter-output>
          </reporter-output>
        </test-method> <!-- tearDown -->
      </class> <!-- com.sanil.SeleniumGrid.FirstTest -->
    </test> <!-- Test1 -->
  </suite> <!-- Suite -->
</testng-results>
